2025-01-28 20:27:43,973 - app.app - INFO - 
 ██████╗ ██████╗  █████╗ ██████╗ ██╗  ██╗
██╔════╝ ██╔══██╗██╔══██╗██╔══██╗██║  ██║
██║  ███╗██████╔╝███████║██████╔╝███████║
██║   ██║██╔══██╗██╔══██║██╔═══╝ ██╔══██║
╚██████╔╝██║  ██║██║  ██║██║     ██║  ██║
 ╚═════╝ ╚═╝  ╚═╝╚═╝  ╚═╝╚═╝     ╚═╝  ╚═╝
                                         
██████╗ ███████╗███╗   ███╗ ██████╗      
██╔══██╗██╔════╝████╗ ████║██╔═══██╗     
██║  ██║█████╗  ██╔████╔██║██║   ██║     
██║  ██║██╔══╝  ██║╚██╔╝██║██║   ██║     
██████╔╝███████╗██║ ╚═╝ ██║╚██████╔╝     
╚═════╝ ╚══════╝╚═╝     ╚═╝ ╚═════╝          
    
            
2025-01-28 20:28:31,073 - azure.core.pipeline.policies.http_logging_policy - INFO - Request URL: 'https://login.microsoftonline.com/5435dd0c-e8ac-49f5-a4de-ed8654c4672e/oauth2/v2.0/token'
Request method: 'POST'
Request headers:
    'Content-Type': 'application/x-www-form-urlencoded'
    'User-Agent': 'azsdk-python-identity/1.19.0 Python/3.11.11 (Linux-6.13.0-1-default-x86_64-with-glibc2.40)'
A body is sent with the request
2025-01-28 20:28:31,547 - azure.core.pipeline.policies.http_logging_policy - INFO - Response status: 200
Response headers:
    'Cache-Control': 'no-store, no-cache'
    'Pragma': 'no-cache'
    'Content-Type': 'application/json; charset=utf-8'
    'Expires': '-1'
    'Strict-Transport-Security': 'REDACTED'
    'X-Content-Type-Options': 'REDACTED'
    'P3P': 'REDACTED'
    'x-ms-request-id': '5f2c2a08-2367-466a-bccc-1e7171450c00'
    'x-ms-ests-server': 'REDACTED'
    'x-ms-srs': 'REDACTED'
    'Content-Security-Policy-Report-Only': 'REDACTED'
    'X-XSS-Protection': 'REDACTED'
    'Set-Cookie': 'REDACTED'
    'Date': 'Wed, 29 Jan 2025 04:28:31 GMT'
    'Content-Length': '2602'
2025-01-28 20:34:33,177 - app.app - INFO - 
 ██████╗ ██████╗  █████╗ ██████╗ ██╗  ██╗
██╔════╝ ██╔══██╗██╔══██╗██╔══██╗██║  ██║
██║  ███╗██████╔╝███████║██████╔╝███████║
██║   ██║██╔══██╗██╔══██║██╔═══╝ ██╔══██║
╚██████╔╝██║  ██║██║  ██║██║     ██║  ██║
 ╚═════╝ ╚═╝  ╚═╝╚═╝  ╚═╝╚═╝     ╚═╝  ╚═╝
                                         
███╗   ███╗ █████╗ ██╗██╗                
████╗ ████║██╔══██╗██║██║                
██╔████╔██║███████║██║██║                
██║╚██╔╝██║██╔══██║██║██║                
██║ ╚═╝ ██║██║  ██║██║███████╗           
╚═╝     ╚═╝╚═╝  ╚═╝╚═╝╚══════╝           
                                         
            
2025-01-28 20:34:43,331 - app.app - INFO - 
            
            
 ██████╗ ██████╗  █████╗ ██████╗ ██╗  ██╗
██╔════╝ ██╔══██╗██╔══██╗██╔══██╗██║  ██║
██║  ███╗██████╔╝███████║██████╔╝███████║
██║   ██║██╔══██╗██╔══██║██╔═══╝ ██╔══██║
╚██████╔╝██║  ██║██║  ██║██║     ██║  ██║
 ╚═════╝ ╚═╝  ╚═╝╚═╝  ╚═╝╚═╝     ╚═╝  ╚═╝
                                         
███╗   ███╗ █████╗ ██╗██╗                
████╗ ████║██╔══██╗██║██║                
██╔████╔██║███████║██║██║                
██║╚██╔╝██║██╔══██║██║██║                
██║ ╚═╝ ██║██║  ██║██║███████╗           
╚═╝     ╚═╝╚═╝  ╚═╝╚═╝╚══════╝           
                                         
            
2025-01-28 20:38:48,340 - app.app - INFO - 
            
            
 ██████╗ ██████╗  █████╗ ██████╗ ██╗  ██╗
██╔════╝ ██╔══██╗██╔══██╗██╔══██╗██║  ██║
██║  ███╗██████╔╝███████║██████╔╝███████║
██║   ██║██╔══██╗██╔══██║██╔═══╝ ██╔══██║
╚██████╔╝██║  ██║██║  ██║██║     ██║  ██║
 ╚═════╝ ╚═╝  ╚═╝╚═╝  ╚═╝╚═╝     ╚═╝  ╚═╝
                                         
███╗   ███╗ █████╗ ██╗██╗                  __
         | _]
      .--||-----.
      |  ||     |
 _____|__||_____|
           \ |
 _______    ||
|==   []|   ||
|  ==== |   ||
'-------'   ||
            ||
  jgs       ||
            ||
^^^^^^^^^^^^^^^^^^^^        
████╗ ████║██╔══██╗██║██║                
██╔████╔██║███████║██║██║                
██║╚██╔╝██║██╔══██║██║██║                
██║ ╚═╝ ██║██║  ██║██║███████╗           
╚═╝     ╚═╝╚═╝  ╚═╝╚═╝╚══════╝           
                                         
            
2025-01-28 20:38:50,259 - app.app - INFO - 
            
            
 ██████╗ ██████╗  █████╗ ██████╗ ██╗  ██╗
██╔════╝ ██╔══██╗██╔══██╗██╔══██╗██║  ██║
██║  ███╗██████╔╝███████║██████╔╝███████║
██║   ██║██╔══██╗██╔══██║██╔═══╝ ██╔══██║
╚██████╔╝██║  ██║██║  ██║██║     ██║  ██║
 ╚═════╝ ╚═╝  ╚═╝╚═╝  ╚═╝╚═╝     ╚═╝  ╚═╝
                                         
███╗   ███╗ █████╗ ██╗██╗                
████╗ ████║██╔══██╗██║██║                
██╔████╔██║███████║██║██║                
██║╚██╔╝██║██╔══██║██║██║                
██║ ╚═╝ ██║██║  ██║██║███████╗           
╚═╝     ╚═╝╚═╝  ╚═╝╚═╝╚══════╝           
                                         
            
2025-01-28 20:38:56,295 - app.app - INFO - 
            
            
 ██████╗ ██████╗  █████╗ ██████╗ ██╗  ██╗
██╔════╝ ██╔══██╗██╔══██╗██╔══██╗██║  ██║
██║  ███╗██████╔╝███████║██████╔╝███████║
██║   ██║██╔══██╗██╔══██║██╔═══╝ ██╔══██║
╚██████╔╝██║  ██║██║  ██║██║     ██║  ██║
 ╚═════╝ ╚═╝  ╚═╝╚═╝  ╚═╝╚═╝     ╚═╝  ╚═╝
                                         
███╗   ███╗ █████╗ ██╗██╗                __
         | _]
      .--||-----.
      |  ||     |
 _____|__||_____|
           \ |
 _______    ||
|==   []|   ||
|  ==== |   ||
'-------'   ||
            ||
  jgs       ||
            ||
^^^^^^^^^^^^^^^^^^^^          
████╗ ████║██╔══██╗██║██║                
██╔████╔██║███████║██║██║                
██║╚██╔╝██║██╔══██║██║██║                
██║ ╚═╝ ██║██║  ██║██║███████╗           
╚═╝     ╚═╝╚═╝  ╚═╝╚═╝╚══════╝           
                                         
            
2025-01-28 20:39:00,525 - app.app - INFO - 
            
            
 ██████╗ ██████╗  █████╗ ██████╗ ██╗  ██╗
██╔════╝ ██╔══██╗██╔══██╗██╔══██╗██║  ██║
██║  ███╗██████╔╝███████║██████╔╝███████║
██║   ██║██╔══██╗██╔══██║██╔═══╝ ██╔══██║
╚██████╔╝██║  ██║██║  ██║██║     ██║  ██║
 ╚═════╝ ╚═╝  ╚═╝╚═╝  ╚═╝╚═╝     ╚═╝  ╚═╝
                                         
███╗   ███╗ █████╗ ██╗██╗                __
         | _]
      .--||-----.
      |  ||     |
 _____|__||_____|
           \ |
 _______    ||
|==   []|   ||
|  ==== |   ||
'-------'   ||
            ||
  jgs       ||
            ||
                            ^^^^^^^^^^^^^^^^^^^^          
████╗ ████║██╔══██╗██║██║                
██╔████╔██║███████║██║██║                
██║╚██╔╝██║██╔══██║██║██║                
██║ ╚═╝ ██║██║  ██║██║███████╗           
╚═╝     ╚═╝╚═╝  ╚═╝╚═╝╚══════╝           
                                         
            
2025-01-28 20:39:04,461 - app.app - INFO - 
            
            
 ██████╗ ██████╗  █████╗ ██████╗ ██╗  ██╗
██╔════╝ ██╔══██╗██╔══██╗██╔══██╗██║  ██║
██║  ███╗██████╔╝███████║██████╔╝███████║
██║   ██║██╔══██╗██╔══██║██╔═══╝ ██╔══██║
╚██████╔╝██║  ██║██║  ██║██║     ██║  ██║
 ╚═════╝ ╚═╝  ╚═╝╚═╝  ╚═╝╚═╝     ╚═╝  ╚═╝
                                         
███╗   ███╗ █████╗ ██╗██╗                __
         | _]
      .--||-----.
      |  ||     |
 _____|__||_____|
           \ |
 _______    ||
|==   []|   ||
|  ==== |   ||
'-------'   ||
            ||
  jgs       ||
                                           ||
                            ^^^^^^^^^^^^^^^^^^^^          
████╗ ████║██╔══██╗██║██║                
██╔████╔██║███████║██║██║                
██║╚██╔╝██║██╔══██║██║██║                
██║ ╚═╝ ██║██║  ██║██║███████╗           
╚═╝     ╚═╝╚═╝  ╚═╝╚═╝╚══════╝           
                                         
            
2025-01-28 20:39:07,191 - app.app - INFO - 
            
            
 ██████╗ ██████╗  █████╗ ██████╗ ██╗  ██╗
██╔════╝ ██╔══██╗██╔══██╗██╔══██╗██║  ██║
██║  ███╗██████╔╝███████║██████╔╝███████║
██║   ██║██╔══██╗██╔══██║██╔═══╝ ██╔══██║
╚██████╔╝██║  ██║██║  ██║██║     ██║  ██║
 ╚═════╝ ╚═╝  ╚═╝╚═╝  ╚═╝╚═╝     ╚═╝  ╚═╝
                                         
███╗   ███╗ █████╗ ██╗██╗                __
         | _]
      .--||-----.
      |  ||     |
 _____|__||_____|
           \ |
 _______    ||
|==   []|   ||
|  ==== |   ||
'-------'   ||
            ||
                                  jgs       ||
                                           ||
                            ^^^^^^^^^^^^^^^^^^^^          
████╗ ████║██╔══██╗██║██║                
██╔████╔██║███████║██║██║                
██║╚██╔╝██║██╔══██║██║██║                
██║ ╚═╝ ██║██║  ██║██║███████╗           
╚═╝     ╚═╝╚═╝  ╚═╝╚═╝╚══════╝           
                                         
            
2025-01-28 20:39:10,129 - app.app - INFO - 
            
            
 ██████╗ ██████╗  █████╗ ██████╗ ██╗  ██╗
██╔════╝ ██╔══██╗██╔══██╗██╔══██╗██║  ██║
██║  ███╗██████╔╝███████║██████╔╝███████║
██║   ██║██╔══██╗██╔══██║██╔═══╝ ██╔══██║
╚██████╔╝██║  ██║██║  ██║██║     ██║  ██║
 ╚═════╝ ╚═╝  ╚═╝╚═╝  ╚═╝╚═╝     ╚═╝  ╚═╝
                                         
███╗   ███╗ █████╗ ██╗██╗                __
         | _]
      .--||-----.
      |  ||     |
 _____|__||_____|
           \ |
 _______    ||
|==   []|   ||
|  ==== |   ||
'-------'   ||
            ||
                              jgs       ||
                                           ||
                            ^^^^^^^^^^^^^^^^^^^^          
████╗ ████║██╔══██╗██║██║                
██╔████╔██║███████║██║██║                
██║╚██╔╝██║██╔══██║██║██║                
██║ ╚═╝ ██║██║  ██║██║███████╗           
╚═╝     ╚═╝╚═╝  ╚═╝╚═╝╚══════╝           
                                         
            
2025-01-28 20:39:13,562 - app.app - INFO - 
            
            
 ██████╗ ██████╗  █████╗ ██████╗ ██╗  ██╗
██╔════╝ ██╔══██╗██╔══██╗██╔══██╗██║  ██║
██║  ███╗██████╔╝███████║██████╔╝███████║
██║   ██║██╔══██╗██╔══██║██╔═══╝ ██╔══██║
╚██████╔╝██║  ██║██║  ██║██║     ██║  ██║
 ╚═════╝ ╚═╝  ╚═╝╚═╝  ╚═╝╚═╝     ╚═╝  ╚═╝
                                         
███╗   ███╗ █████╗ ██╗██╗                __
         | _]
      .--||-----.
      |  ||     |
 _____|__||_____|
           \ |
 _______    ||
|==   []|   ||
|  ==== |   ||
'-------'   ||
            ||
                                    jgs       ||
                                             ||
                            ^^^^^^^^^^^^^^^^^^^^          
████╗ ████║██╔══██╗██║██║                
██╔████╔██║███████║██║██║                
██║╚██╔╝██║██╔══██║██║██║                
██║ ╚═╝ ██║██║  ██║██║███████╗           
╚═╝     ╚═╝╚═╝  ╚═╝╚═╝╚══════╝           
                                         
            
2025-01-28 20:39:16,017 - app.app - INFO - 
            
            
 ██████╗ ██████╗  █████╗ ██████╗ ██╗  ██╗
██╔════╝ ██╔══██╗██╔══██╗██╔══██╗██║  ██║
██║  ███╗██████╔╝███████║██████╔╝███████║
██║   ██║██╔══██╗██╔══██║██╔═══╝ ██╔══██║
╚██████╔╝██║  ██║██║  ██║██║     ██║  ██║
 ╚═════╝ ╚═╝  ╚═╝╚═╝  ╚═╝╚═╝     ╚═╝  ╚═╝
                                         
███╗   ███╗ █████╗ ██╗██╗                __
         | _]
      .--||-----.
      |  ||     |
 _____|__||_____|
           \ |
 _______    ||
|==   []|   ||
|  ==== |   ||
'-------'   ||
            ||
                                   jgs       ||
                                             ||
                            ^^^^^^^^^^^^^^^^^^^^          
████╗ ████║██╔══██╗██║██║                
██╔████╔██║███████║██║██║                
██║╚██╔╝██║██╔══██║██║██║                
██║ ╚═╝ ██║██║  ██║██║███████╗           
╚═╝     ╚═╝╚═╝  ╚═╝╚═╝╚══════╝           
                                         
            
2025-01-28 20:39:20,759 - app.app - INFO - 
            
            
 ██████╗ ██████╗  █████╗ ██████╗ ██╗  ██╗
██╔════╝ ██╔══██╗██╔══██╗██╔══██╗██║  ██║
██║  ███╗██████╔╝███████║██████╔╝███████║
██║   ██║██╔══██╗██╔══██║██╔═══╝ ██╔══██║
╚██████╔╝██║  ██║██║  ██║██║     ██║  ██║
 ╚═════╝ ╚═╝  ╚═╝╚═╝  ╚═╝╚═╝     ╚═╝  ╚═╝
                                         
███╗   ███╗ █████╗ ██╗██╗                __
                                        | _]
                                    .--||-----.
                                    |  ||     |
                                _____|__||_____|
                                        \ |
                                _______    ||
                                |==   []|   ||
                                |  ==== |   ||
                                '-------'   ||
                                            ||
                                   jgs       ||
                                             ||
                            ^^^^^^^^^^^^^^^^^^^^          
████╗ ████║██╔══██╗██║██║                
██╔████╔██║███████║██║██║                
██║╚██╔╝██║██╔══██║██║██║                
██║ ╚═╝ ██║██║  ██║██║███████╗           
╚═╝     ╚═╝╚═╝  ╚═╝╚═╝╚══════╝           
                                         
            
2025-01-28 20:39:21,893 - app.app - INFO - 
            
            
 ██████╗ ██████╗  █████╗ ██████╗ ██╗  ██╗
██╔════╝ ██╔══██╗██╔══██╗██╔══██╗██║  ██║
██║  ███╗██████╔╝███████║██████╔╝███████║
██║   ██║██╔══██╗██╔══██║██╔═══╝ ██╔══██║
╚██████╔╝██║  ██║██║  ██║██║     ██║  ██║
 ╚═════╝ ╚═╝  ╚═╝╚═╝  ╚═╝╚═╝     ╚═╝  ╚═╝
                                         
███╗   ███╗ █████╗ ██╗██╗                __
                                            | _]
                                        .--||-----.
                                        |  ||     |
                                    _____|__||_____|
                                            \ |
                                    _______    ||
                                    |==   []|   ||
                                    |  ==== |   ||
                                    '-------'   ||
                                                ||
                                   jgs       ||
                                             ||
                            ^^^^^^^^^^^^^^^^^^^^          
████╗ ████║██╔══██╗██║██║                
██╔████╔██║███████║██║██║                
██║╚██╔╝██║██╔══██║██║██║                
██║ ╚═╝ ██║██║  ██║██║███████╗           
╚═╝     ╚═╝╚═╝  ╚═╝╚═╝╚══════╝           
                                         
            
2025-01-28 20:39:23,322 - app.app - INFO - 
            
            
 ██████╗ ██████╗  █████╗ ██████╗ ██╗  ██╗
██╔════╝ ██╔══██╗██╔══██╗██╔══██╗██║  ██║
██║  ███╗██████╔╝███████║██████╔╝███████║
██║   ██║██╔══██╗██╔══██║██╔═══╝ ██╔══██║
╚██████╔╝██║  ██║██║  ██║██║     ██║  ██║
 ╚═════╝ ╚═╝  ╚═╝╚═╝  ╚═╝╚═╝     ╚═╝  ╚═╝
                                         
███╗   ███╗ █████╗ ██╗██╗                __

                                   jgs       ||
                                             ||
                            ^^^^^^^^^^^^^^^^^^^^          
████╗ ████║██╔══██╗██║██║                
██╔████╔██║███████║██║██║                
██║╚██╔╝██║██╔══██║██║██║                
██║ ╚═╝ ██║██║  ██║██║███████╗           
╚═╝     ╚═╝╚═╝  ╚═╝╚═╝╚══════╝           
                                         
            
2025-01-28 20:39:32,154 - app.app - INFO - 
            
            
 ██████╗ ██████╗  █████╗ ██████╗ ██╗  ██╗
██╔════╝ ██╔══██╗██╔══██╗██╔══██╗██║  ██║
██║  ███╗██████╔╝███████║██████╔╝███████║
██║   ██║██╔══██╗██╔══██║██╔═══╝ ██╔══██║
╚██████╔╝██║  ██║██║  ██║██║     ██║  ██║
 ╚═════╝ ╚═╝  ╚═╝╚═╝  ╚═╝╚═╝     ╚═╝  ╚═╝
                                         
███╗   ███╗ █████╗ ██╗██╗                
████╗ ████║██╔══██╗██║██║                
██╔████╔██║███████║██║██║                
██║╚██╔╝██║██╔══██║██║██║                
██║ ╚═╝ ██║██║  ██║██║███████╗           
╚═╝     ╚═╝╚═╝  ╚═╝╚═╝╚══════╝           
                                         
            
2025-01-28 20:41:14,091 - app.app - INFO - 
            
            
 ██████╗ ██████╗  █████╗ ██████╗ ██╗  ██╗
██╔════╝ ██╔══██╗██╔══██╗██╔══██╗██║  ██║
██║  ███╗██████╔╝███████║██████╔╝███████║
██║   ██║██╔══██╗██╔══██║██╔═══╝ ██╔══██║
╚██████╔╝██║  ██║██║  ██║██║     ██║  ██║
 ╚═════╝ ╚═╝  ╚═╝╚═╝  ╚═╝╚═╝     ╚═╝  ╚═╝
      ..--""|
       |     |
       | .---'
 (\-.--| |-----------.
/ \) \ | |            \
|:.  | | |             |
|:.  | |o| E - M A I L |
|:.  | `"`             |
|:.  |_  __   __ _  __ /
``|=`|"`
          |=_|
    jgs   |= |                                        
███████╗███╗   ███╗ █████╗ ██╗██╗        
██╔════╝████╗ ████║██╔══██╗██║██║        
█████╗  ██╔████╔██║███████║██║██║        
██╔══╝  ██║╚██╔╝██║██╔══██║██║██║        
███████╗██║ ╚═╝ ██║██║  ██║██║███████╗   
╚══════╝╚═╝     ╚═╝╚═╝  ╚═╝╚═╝╚══════╝  
                                         
            
2025-01-28 20:41:18,029 - app.app - INFO - 
            
            
 ██████╗ ██████╗  █████╗ ██████╗ ██╗  ██╗
██╔════╝ ██╔══██╗██╔══██╗██╔══██╗██║  ██║
██║  ███╗██████╔╝███████║██████╔╝███████║
██║   ██║██╔══██╗██╔══██║██╔═══╝ ██╔══██║
╚██████╔╝██║  ██║██║  ██║██║     ██║  ██║
 ╚═════╝ ╚═╝  ╚═╝╚═╝  ╚═╝╚═╝     ╚═╝  ╚═╝
                                         
███╗   ███╗ █████╗ ██╗██╗                
████╗ ████║██╔══██╗██║██║                
██╔████╔██║███████║██║██║                
██║╚██╔╝██║██╔══██║██║██║                
██║ ╚═╝ ██║██║  ██║██║███████╗           
╚═╝     ╚═╝╚═╝  ╚═╝╚═╝╚══════╝           
                                         
            
2025-01-28 20:42:00,716 - app.app - INFO - 
            
            
 ██████╗ ██████╗  █████╗ ██████╗ ██╗  ██╗
██╔════╝ ██╔══██╗██╔══██╗██╔══██╗██║  ██║
██║  ███╗██████╔╝███████║██████╔╝███████║
██║   ██║██╔══██╗██╔══██║██╔═══╝ ██╔══██║
╚██████╔╝██║  ██║██║  ██║██║     ██║  ██║
 ╚═════╝ ╚═╝  ╚═╝╚═╝  ╚═╝╚═╝     ╚═╝  ╚═╝
                                         
███████╗███╗   ███╗ █████╗ ██╗██╗        
██╔════╝████╗ ████║██╔══██╗██║██║        
█████╗  ██╔████╔██║███████║██║██║        
██╔══╝  ██║╚██╔╝██║██╔══██║██║██║        
███████╗██║ ╚═╝ ██║██║  ██║██║███████╗   
╚══════╝╚═╝     ╚═╝╚═╝  ╚═╝╚═╝╚══════╝   
                                         
██████╗ ███████╗███╗   ███╗ ██████╗      
██╔══██╗██╔════╝████╗ ████║██╔═══██╗     
██║  ██║█████╗  ██╔████╔██║██║   ██║     
██║  ██║██╔══╝  ██║╚██╔╝██║██║   ██║     
██████╔╝███████╗██║ ╚═╝ ██║╚██████╔╝     
╚═════╝ ╚══════╝╚═╝     ╚═╝ ╚═════╝      
                                         
                                         
            
2025-01-28 20:42:13,574 - app.app - INFO - 
            
            
 ██████╗ ██████╗  █████╗ ██████╗ ██╗  ██╗
██╔════╝ ██╔══██╗██╔══██╗██╔══██╗██║  ██║
██║  ███╗██████╔╝███████║██████╔╝███████║
██║   ██║██╔══██╗██╔══██║██╔═══╝ ██╔══██║
╚██████╔╝██║  ██║██║  ██║██║     ██║  ██║
 ╚═════╝ ╚═╝  ╚═╝╚═╝  ╚═╝╚═╝     ╚═╝  ╚═╝
                                         
███╗   ███╗ █████╗ ██╗██╗                
████╗ ████║██╔══██╗██║██║                
██╔████╔██║███████║██║██║                
██║╚██╔╝██║██╔══██║██║██║                
██║ ╚═╝ ██║██║  ██║██║███████╗           
╚═╝     ╚═╝╚═╝  ╚═╝╚═╝╚══════╝           
                                         
            
2025-01-29 12:58:55,171 - app.app - INFO - 
            
            
 ██████╗ ██████╗  █████╗ ██████╗ ██╗  ██╗
██╔════╝ ██╔══██╗██╔══██╗██╔══██╗██║  ██║
██║  ███╗██████╔╝███████║██████╔╝███████║
██║   ██║██╔══██╗██╔══██║██╔═══╝ ██╔══██║
╚██████╔╝██║  ██║██║  ██║██║     ██║  ██║
 ╚═════╝ ╚═╝  ╚═╝╚═╝  ╚═╝╚═╝     ╚═╝  ╚═╝
                                         
███╗   ███╗ █████╗ ██╗██╗                
████╗ ████║██╔══██╗██║██║                
██╔████╔██║███████║██║██║                
██║╚██╔╝██║██╔══██║██║██║                
██║ ╚═╝ ██║██║  ██║██║███████╗           
╚═╝     ╚═╝╚═╝  ╚═╝╚═╝╚══════╝           
                                         
            
2025-01-29 12:59:07,961 - azure.core.pipeline.policies.http_logging_policy - INFO - Request URL: 'https://login.microsoftonline.com/5435dd0c-e8ac-49f5-a4de-ed8654c4672e/oauth2/v2.0/token'
Request method: 'POST'
Request headers:
    'Content-Type': 'application/x-www-form-urlencoded'
    'User-Agent': 'azsdk-python-identity/1.19.0 Python/3.11.11 (Linux-6.13.0-1-default-x86_64-with-glibc2.40)'
A body is sent with the request
2025-01-29 12:59:08,315 - azure.core.pipeline.policies.http_logging_policy - INFO - Response status: 200
Response headers:
    'Cache-Control': 'no-store, no-cache'
    'Pragma': 'no-cache'
    'Content-Type': 'application/json; charset=utf-8'
    'Expires': '-1'
    'Strict-Transport-Security': 'REDACTED'
    'X-Content-Type-Options': 'REDACTED'
    'P3P': 'REDACTED'
    'x-ms-request-id': '31da944c-8e3b-4cbe-89e6-ba2e0fa82000'
    'x-ms-ests-server': 'REDACTED'
    'x-ms-srs': 'REDACTED'
    'Content-Security-Policy-Report-Only': 'REDACTED'
    'X-XSS-Protection': 'REDACTED'
    'Set-Cookie': 'REDACTED'
    'Date': 'Wed, 29 Jan 2025 20:59:07 GMT'
    'Content-Length': '2602'
2025-02-24 18:38:11,611 - app.service.graph.graph_authentication_service - INFO - env has loaded successfully, proceeding
2025-02-24 18:38:11,618 - app.app - INFO - 
                
                
    ██████╗ ██████╗  █████╗ ██████╗ ██╗  ██╗
    ██╔════╝ ██╔══██╗██╔══██╗██╔══██╗██║  ██║
    ██║  ███╗██████╔╝███████║██████╔╝███████║
    ██║   ██║██╔══██╗██╔══██║██╔═══╝ ██╔══██║
    ╚██████╔╝██║  ██║██║  ██║██║     ██║  ██║
    ╚═════╝ ╚═╝  ╚═╝╚═╝  ╚═╝╚═╝     ╚═╝  ╚═╝
                                            
    ███╗   ███╗ █████╗ ██╗██╗                
    ████╗ ████║██╔══██╗██║██║                
    ██╔████╔██║███████║██║██║                
    ██║╚██╔╝██║██╔══██║██║██║                
    ██║ ╚═╝ ██║██║  ██║██║███████╗           
    ╚═╝     ╚═╝╚═╝  ╚═╝╚═╝╚══════╝           
                                            
                
2025-02-24 18:39:54,178 - app.service.graph.graph_authentication_service - INFO - env has loaded successfully, proceeding
2025-02-24 18:39:54,185 - app.app - INFO - 
                
                
    ██████╗ ██████╗  █████╗ ██████╗ ██╗  ██╗
    ██╔════╝ ██╔══██╗██╔══██╗██╔══██╗██║  ██║
    ██║  ███╗██████╔╝███████║██████╔╝███████║
    ██║   ██║██╔══██╗██╔══██║██╔═══╝ ██╔══██║
    ╚██████╔╝██║  ██║██║  ██║██║     ██║  ██║
    ╚═════╝ ╚═╝  ╚═╝╚═╝  ╚═╝╚═╝     ╚═╝  ╚═╝
                                            
    ███╗   ███╗ █████╗ ██╗██╗                
    ████╗ ████║██╔══██╗██║██║                
    ██╔████╔██║███████║██║██║                
    ██║╚██╔╝██║██╔══██║██║██║                
    ██║ ╚═╝ ██║██║  ██║██║███████╗           
    ╚═╝     ╚═╝╚═╝  ╚═╝╚═╝╚══════╝           
                                            
                
2025-02-24 18:44:22,828 - app.service.graph.graph_authentication_service - INFO - env has loaded successfully, proceeding
2025-02-24 18:44:22,835 - app.app - INFO - 
                
                
    ██████╗ ██████╗  █████╗ ██████╗ ██╗  ██╗
    ██╔════╝ ██╔══██╗██╔══██╗██╔══██╗██║  ██║
    ██║  ███╗██████╔╝███████║██████╔╝███████║
    ██║   ██║██╔══██╗██╔══██║██╔═══╝ ██╔══██║
    ╚██████╔╝██║  ██║██║  ██║██║     ██║  ██║
    ╚═════╝ ╚═╝  ╚═╝╚═╝  ╚═╝╚═╝     ╚═╝  ╚═╝
                                            
    ███╗   ███╗ █████╗ ██╗██╗                
    ████╗ ████║██╔══██╗██║██║                
    ██╔████╔██║███████║██║██║                
    ██║╚██╔╝██║██╔══██║██║██║                
    ██║ ╚═╝ ██║██║  ██║██║███████╗           
    ╚═╝     ╚═╝╚═╝  ╚═╝╚═╝╚══════╝           
                                            
                
2025-02-24 18:44:26,371 - app.service.graph.graph_authentication_service - INFO - env has loaded successfully, proceeding
2025-02-24 18:44:26,378 - app.app - INFO - 
                
                
    ██████╗ ██████╗  █████╗ ██████╗ ██╗  ██╗
    ██╔════╝ ██╔══██╗██╔══██╗██╔══██╗██║  ██║
    ██║  ███╗██████╔╝███████║██████╔╝███████║
    ██║   ██║██╔══██╗██╔══██║██╔═══╝ ██╔══██║
    ╚██████╔╝██║  ██║██║  ██║██║     ██║  ██║
    ╚═════╝ ╚═╝  ╚═╝╚═╝  ╚═╝╚═╝     ╚═╝  ╚═╝
                                            
    ███╗   ███╗ █████╗ ██╗██╗                
    ████╗ ████║██╔══██╗██║██║                
    ██╔████╔██║███████║██║██║                
    ██║╚██╔╝██║██╔══██║██║██║                
    ██║ ╚═╝ ██║██║  ██║██║███████╗           
    ╚═╝     ╚═╝╚═╝  ╚═╝╚═╝╚══════╝           
                                            
                
2025-02-24 18:46:08,203 - app.service.graph.graph_authentication_service - INFO - env has loaded successfully, proceeding
2025-02-24 18:46:08,210 - app.app - INFO - 
                
                
    ██████╗ ██████╗  █████╗ ██████╗ ██╗  ██╗
    ██╔════╝ ██╔══██╗██╔══██╗██╔══██╗██║  ██║
    ██║  ███╗██████╔╝███████║██████╔╝███████║
    ██║   ██║██╔══██╗██╔══██║██╔═══╝ ██╔══██║
    ╚██████╔╝██║  ██║██║  ██║██║     ██║  ██║
    ╚═════╝ ╚═╝  ╚═╝╚═╝  ╚═╝╚═╝     ╚═╝  ╚═╝
                                            
    ███╗   ███╗ █████╗ ██╗██╗                
    ████╗ ████║██╔══██╗██║██║                
    ██╔████╔██║███████║██║██║                
    ██║╚██╔╝██║██╔══██║██║██║                
    ██║ ╚═╝ ██║██║  ██║██║███████╗           
    ╚═╝     ╚═╝╚═╝  ╚═╝╚═╝╚══════╝           
                                            
                
2025-02-24 18:56:04,654 - app.logging.logging_config - INFO - Logging system initialized
2025-02-24 18:56:04,655 - app.service.graph.graph_authentication_service - INFO - env has loaded successfully, proceeding
2025-02-24 18:56:04,661 - app.app - INFO - 
                
                
    ██████╗ ██████╗  █████╗ ██████╗ ██╗  ██╗
    ██╔════╝ ██╔══██╗██╔══██╗██╔══██╗██║  ██║
    ██║  ███╗██████╔╝███████║██████╔╝███████║
    ██║   ██║██╔══██╗██╔══██║██╔═══╝ ██╔══██║
    ╚██████╔╝██║  ██║██║  ██║██║     ██║  ██║
    ╚═════╝ ╚═╝  ╚═╝╚═╝  ╚═╝╚═╝     ╚═╝  ╚═╝
                                            
    ███╗   ███╗ █████╗ ██╗██╗                
    ████╗ ████║██╔══██╗██║██║                
    ██╔████╔██║███████║██║██║                
    ██║╚██╔╝██║██╔══██║██║██║                
    ██║ ╚═╝ ██║██║  ██║██║███████╗           
    ╚═╝     ╚═╝╚═╝  ╚═╝╚═╝╚══════╝           
                                            
                
2025-02-24 18:57:04,835 - app.logging.logging_config - INFO - Logging system initialized
2025-02-24 18:57:04,836 - app.service.graph.graph_authentication_service - INFO - env has loaded successfully, proceeding
2025-02-24 18:57:04,842 - app.app - INFO - 
                
                
    ██████╗ ██████╗  █████╗ ██████╗ ██╗  ██╗
    ██╔════╝ ██╔══██╗██╔══██╗██╔══██╗██║  ██║
    ██║  ███╗██████╔╝███████║██████╔╝███████║
    ██║   ██║██╔══██╗██╔══██║██╔═══╝ ██╔══██║
    ╚██████╔╝██║  ██║██║  ██║██║     ██║  ██║
    ╚═════╝ ╚═╝  ╚═╝╚═╝  ╚═╝╚═╝     ╚═╝  ╚═╝
                                            
    ███╗   ███╗ █████╗ ██╗██╗                
    ████╗ ████║██╔══██╗██║██║                
    ██╔████╔██║███████║██║██║                
    ██║╚██╔╝██║██╔══██║██║██║                
    ██║ ╚═╝ ██║██║  ██║██║███████╗           
    ╚═╝     ╚═╝╚═╝  ╚═╝╚═╝╚══════╝           
                                            
                
2025-02-24 18:57:22,359 - app.logging.logging_config - INFO - Logging system initialized
2025-02-24 18:57:22,360 - app.service.graph.graph_authentication_service - INFO - env has loaded successfully, proceeding
2025-02-24 18:57:22,366 - app.app - INFO - 
                
                
    ██████╗ ██████╗  █████╗ ██████╗ ██╗  ██╗
    ██╔════╝ ██╔══██╗██╔══██╗██╔══██╗██║  ██║
    ██║  ███╗██████╔╝███████║██████╔╝███████║
    ██║   ██║██╔══██╗██╔══██║██╔═══╝ ██╔══██║
    ╚██████╔╝██║  ██║██║  ██║██║     ██║  ██║
    ╚═════╝ ╚═╝  ╚═╝╚═╝  ╚═╝╚═╝     ╚═╝  ╚═╝
                                            
    ███╗   ███╗ █████╗ ██╗██╗                
    ████╗ ████║██╔══██╗██║██║                
    ██╔████╔██║███████║██║██║                
    ██║╚██╔╝██║██╔══██║██║██║                
    ██║ ╚═╝ ██║██║  ██║██║███████╗           
    ╚═╝     ╚═╝╚═╝  ╚═╝╚═╝╚══════╝           
                                            
                
2025-02-24 18:57:26,854 - app.logging.logging_config - INFO - Logging system initialized
2025-02-24 18:57:26,855 - app.service.graph.graph_authentication_service - INFO - env has loaded successfully, proceeding
2025-02-24 18:57:26,864 - app.app - INFO - 
                
                
    ██████╗ ██████╗  █████╗ ██████╗ ██╗  ██╗
    ██╔════╝ ██╔══██╗██╔══██╗██╔══██╗██║  ██║
    ██║  ███╗██████╔╝███████║██████╔╝███████║
    ██║   ██║██╔══██╗██╔══██║██╔═══╝ ██╔══██║
    ╚██████╔╝██║  ██║██║  ██║██║     ██║  ██║
    ╚═════╝ ╚═╝  ╚═╝╚═╝  ╚═╝╚═╝     ╚═╝  ╚═╝
                                            
    ███╗   ███╗ █████╗ ██╗██╗                
    ████╗ ████║██╔══██╗██║██║                
    ██╔████╔██║███████║██║██║                
    ██║╚██╔╝██║██╔══██║██║██║                
    ██║ ╚═╝ ██║██║  ██║██║███████╗           
    ╚═╝     ╚═╝╚═╝  ╚═╝╚═╝╚══════╝           
                                            
                
2025-02-24 18:57:28,143 - app.logging.logging_config - INFO - Logging system initialized
2025-02-24 18:57:28,144 - app.service.graph.graph_authentication_service - INFO - env has loaded successfully, proceeding
2025-02-24 18:57:28,150 - app.app - INFO - 
                
                
    ██████╗ ██████╗  █████╗ ██████╗ ██╗  ██╗
    ██╔════╝ ██╔══██╗██╔══██╗██╔══██╗██║  ██║
    ██║  ███╗██████╔╝███████║██████╔╝███████║
    ██║   ██║██╔══██╗██╔══██║██╔═══╝ ██╔══██║
    ╚██████╔╝██║  ██║██║  ██║██║     ██║  ██║
    ╚═════╝ ╚═╝  ╚═╝╚═╝  ╚═╝╚═╝     ╚═╝  ╚═╝
                                            
    ███╗   ███╗ █████╗ ██╗██╗                
    ████╗ ████║██╔══██╗██║██║                
    ██╔████╔██║███████║██║██║                
    ██║╚██╔╝██║██╔══██║██║██║                
    ██║ ╚═╝ ██║██║  ██║██║███████╗           
    ╚═╝     ╚═╝╚═╝  ╚═╝╚═╝╚══════╝           
                                            
                
2025-02-24 18:57:28,163 - app.app - INFO - DB session maker initialized.
2025-02-24 18:57:28,167 - app.app - INFO - Database test query returned: auth_failed_logins
2025-02-24 18:57:28,167 - app.app - INFO - Lifespan startup complete. Database connection test succeeded.
2025-02-24 18:57:39,587 - app.app - INFO - Database connections cleaned up successfully.
2025-02-24 18:57:39,587 - app.app - INFO - Shutting down...Goodbye!
2025-02-24 18:57:40,071 - app.logging.logging_config - INFO - Logging system initialized
2025-02-24 18:57:40,072 - app.service.graph.graph_authentication_service - INFO - env has loaded successfully, proceeding
2025-02-24 18:57:40,078 - app.app - INFO - 
                
                
    ██████╗ ██████╗  █████╗ ██████╗ ██╗  ██╗
    ██╔════╝ ██╔══██╗██╔══██╗██╔══██╗██║  ██║
    ██║  ███╗██████╔╝███████║██████╔╝███████║
    ██║   ██║██╔══██╗██╔══██║██╔═══╝ ██╔══██║
    ╚██████╔╝██║  ██║██║  ██║██║     ██║  ██║
    ╚═════╝ ╚═╝  ╚═╝╚═╝  ╚═╝╚═╝     ╚═╝  ╚═╝
                                            
    ███╗   ███╗ █████╗ ██╗██╗                
    ████╗ ████║██╔══██╗██║██║                
    ██╔████╔██║███████║██║██║                
    ██║╚██╔╝██║██╔══██║██║██║                
    ██║ ╚═╝ ██║██║  ██║██║███████╗           
    ╚═╝     ╚═╝╚═╝  ╚═╝╚═╝╚══════╝           
                                            
                
2025-02-24 18:57:40,085 - app.app - INFO - DB session maker initialized.
2025-02-24 18:57:40,088 - app.app - INFO - Database test query returned: auth_failed_logins
2025-02-24 18:57:40,088 - app.app - INFO - Lifespan startup complete. Database connection test succeeded.
2025-02-24 18:57:49,205 - app.app - INFO - Database connections cleaned up successfully.
2025-02-24 18:57:49,205 - app.app - INFO - Shutting down...Goodbye!
2025-02-24 18:57:49,683 - app.logging.logging_config - INFO - Logging system initialized
2025-02-24 18:57:49,684 - app.service.graph.graph_authentication_service - INFO - env has loaded successfully, proceeding
2025-02-24 18:57:49,690 - app.app - INFO - 
                
                
    ██████╗ ██████╗  █████╗ ██████╗ ██╗  ██╗
    ██╔════╝ ██╔══██╗██╔══██╗██╔══██╗██║  ██║
    ██║  ███╗██████╔╝███████║██████╔╝███████║
    ██║   ██║██╔══██╗██╔══██║██╔═══╝ ██╔══██║
    ╚██████╔╝██║  ██║██║  ██║██║     ██║  ██║
    ╚═════╝ ╚═╝  ╚═╝╚═╝  ╚═╝╚═╝     ╚═╝  ╚═╝
                                            
    ███╗   ███╗ █████╗ ██╗██╗                
    ████╗ ████║██╔══██╗██║██║                
    ██╔████╔██║███████║██║██║                
    ██║╚██╔╝██║██╔══██║██║██║                
    ██║ ╚═╝ ██║██║  ██║██║███████╗           
    ╚═╝     ╚═╝╚═╝  ╚═╝╚═╝╚══════╝           
                                            
                
2025-02-24 18:57:49,697 - app.app - INFO - DB session maker initialized.
2025-02-24 18:57:49,700 - app.app - INFO - Database test query returned: auth_failed_logins
2025-02-24 18:57:49,700 - app.app - INFO - Lifespan startup complete. Database connection test succeeded.
2025-02-24 18:57:50,602 - app.app - INFO - Database connections cleaned up successfully.
2025-02-24 18:57:50,603 - app.app - INFO - Shutting down...Goodbye!
2025-02-24 18:57:51,080 - app.logging.logging_config - INFO - Logging system initialized
2025-02-24 18:57:51,081 - app.service.graph.graph_authentication_service - INFO - env has loaded successfully, proceeding
2025-02-24 18:57:51,087 - app.app - INFO - 
                
                
    ██████╗ ██████╗  █████╗ ██████╗ ██╗  ██╗
    ██╔════╝ ██╔══██╗██╔══██╗██╔══██╗██║  ██║
    ██║  ███╗██████╔╝███████║██████╔╝███████║
    ██║   ██║██╔══██╗██╔══██║██╔═══╝ ██╔══██║
    ╚██████╔╝██║  ██║██║  ██║██║     ██║  ██║
    ╚═════╝ ╚═╝  ╚═╝╚═╝  ╚═╝╚═╝     ╚═╝  ╚═╝
                                            
    ███╗   ███╗ █████╗ ██╗██╗                
    ████╗ ████║██╔══██╗██║██║                
    ██╔████╔██║███████║██║██║                
    ██║╚██╔╝██║██╔══██║██║██║                
    ██║ ╚═╝ ██║██║  ██║██║███████╗           
    ╚═╝     ╚═╝╚═╝  ╚═╝╚═╝╚══════╝           
                                            
                
2025-02-24 18:57:51,093 - app.app - INFO - DB session maker initialized.
2025-02-24 18:57:51,096 - app.app - INFO - Database test query returned: auth_failed_logins
2025-02-24 18:57:51,096 - app.app - INFO - Lifespan startup complete. Database connection test succeeded.
2025-02-24 18:57:54,603 - app.app - INFO - Database connections cleaned up successfully.
2025-02-24 18:57:54,603 - app.app - INFO - Shutting down...Goodbye!
2025-02-24 18:57:55,099 - app.logging.logging_config - INFO - Logging system initialized
2025-02-24 18:57:55,100 - app.service.graph.graph_authentication_service - INFO - env has loaded successfully, proceeding
2025-02-24 18:57:55,106 - app.app - INFO - 
                
                
    ██████╗ ██████╗  █████╗ ██████╗ ██╗  ██╗
    ██╔════╝ ██╔══██╗██╔══██╗██╔══██╗██║  ██║
    ██║  ███╗██████╔╝███████║██████╔╝███████║
    ██║   ██║██╔══██╗██╔══██║██╔═══╝ ██╔══██║
    ╚██████╔╝██║  ██║██║  ██║██║     ██║  ██║
    ╚═════╝ ╚═╝  ╚═╝╚═╝  ╚═╝╚═╝     ╚═╝  ╚═╝
                                            
    ███╗   ███╗ █████╗ ██╗██╗                
    ████╗ ████║██╔══██╗██║██║                
    ██╔████╔██║███████║██║██║                
    ██║╚██╔╝██║██╔══██║██║██║                
    ██║ ╚═╝ ██║██║  ██║██║███████╗           
    ╚═╝     ╚═╝╚═╝  ╚═╝╚═╝╚══════╝           
                                            
                
2025-02-24 18:57:55,113 - app.app - INFO - DB session maker initialized.
2025-02-24 18:57:55,116 - app.app - INFO - Database test query returned: auth_failed_logins
2025-02-24 18:57:55,117 - app.app - INFO - Lifespan startup complete. Database connection test succeeded.
2025-02-24 18:58:11,647 - app.app - INFO - Database connections cleaned up successfully.
2025-02-24 18:58:11,647 - app.app - INFO - Shutting down...Goodbye!
2025-02-24 18:58:32,836 - app.logging.logging_config - INFO - Logging system initialized
2025-02-24 18:58:32,837 - app.service.graph.graph_authentication_service - INFO - env has loaded successfully, proceeding
2025-02-24 18:58:32,843 - app.app - INFO - 
                
                
    ██████╗ ██████╗  █████╗ ██████╗ ██╗  ██╗
    ██╔════╝ ██╔══██╗██╔══██╗██╔══██╗██║  ██║
    ██║  ███╗██████╔╝███████║██████╔╝███████║
    ██║   ██║██╔══██╗██╔══██║██╔═══╝ ██╔══██║
    ╚██████╔╝██║  ██║██║  ██║██║     ██║  ██║
    ╚═════╝ ╚═╝  ╚═╝╚═╝  ╚═╝╚═╝     ╚═╝  ╚═╝
                                            
    ███╗   ███╗ █████╗ ██╗██╗                
    ████╗ ████║██╔══██╗██║██║                
    ██╔████╔██║███████║██║██║                
    ██║╚██╔╝██║██╔══██║██║██║                
    ██║ ╚═╝ ██║██║  ██║██║███████╗           
    ╚═╝     ╚═╝╚═╝  ╚═╝╚═╝╚══════╝           
                                            
                
2025-02-24 18:58:32,849 - app.app - INFO - DB session maker initialized.
2025-02-24 18:58:32,853 - app.app - INFO - Database test query returned: auth_failed_logins
2025-02-24 18:58:32,853 - app.app - INFO - Lifespan startup complete. Database connection test succeeded.
2025-02-24 18:59:16,228 - app.app - INFO - Database connections cleaned up successfully.
2025-02-24 18:59:16,228 - app.app - INFO - Shutting down...Goodbye!
